{"level":"info","message":"Server runnning on port 5001"}
{"level":"info","message":"Server runnning on port 5001"}
{"level":"info","message":"Server runnning on port 5001"}
{"level":"info","message":"Server runnning on port 5001"}
{"level":"info","message":"Server runnning on port 5001"}
{"level":"error","message":"error"}
{"level":"info","message":"Server runnning on port 5001"}
{"level":"error","message":"error"}
{"level":"warn","message":""}
{"level":"info","message":"Server runnning on port 5001"}
{"level":"error","message":"error"}
{"level":"warn","message":"warn"}
{"level":"info","message":"Server runnning on port 5001"}
{"level":"error","message":"error"}
{"level":"warn","message":"warn"}
{"level":"info","message":"Server runnning on port 5001"}
{"level":"error","message":"error"}
{"level":"warn","message":"warn"}
{"level":"info","message":"info"}
{"level":"info","message":"Server runnning on port 5001"}
{"level":"error","message":"error"}
{"level":"warn","message":"warn"}
{"level":"info","message":"info"}
{"level":"info","message":"Server runnning on port 5001"}
{"level":"error","message":"error"}
{"level":"warn","message":"warn"}
{"level":"info","message":"info"}
{"level":"info","message":"Server runnning on port 5001"}
{"level":"error","message":"error"}
{"level":"warn","message":"warn"}
{"level":"info","message":"info"}
{"level":"info","message":"Server runnning on port 5001"}
{"level":"error","message":"error"}
{"level":"warn","message":"warn"}
{"level":"info","message":"info"}
{"level":"info","message":"Server runnning on port 5001"}
{"level":"error","message":"error"}
{"level":"warn","message":"warn"}
{"level":"info","message":"info"}
{"level":"info","message":"Server runnning on port 5001"}
{"level":"error","message":"error"}
{"level":"warn","message":"warn"}
{"level":"info","message":"info"}
{"level":"info","message":"Server runnning on port 5001"}
{"level":"error","message":"error"}
{"level":"warn","message":"warn"}
{"level":"info","message":"info"}
{"level":"info","message":"Server runnning on port 5001"}
{"level":"error","message":"error"}
{"level":"warn","message":"warn"}
{"level":"info","message":"info"}
{"level":"info","message":"Server runnning on port 5001"}
{"level":"error","message":"error"}
{"level":"warn","message":"warn"}
{"level":"info","message":"info"}
{"level":"info","message":"Server runnning on port 5001"}
{"level":"error","message":"error"}
{"level":"warn","message":"warn"}
{"level":"info","message":"info"}
{"level":"info","message":"Server runnning on port 5001"}
{"level":"error","message":"error"}
{"level":"warn","message":"warn"}
{"level":"info","message":"info"}
{"level":"info","message":"Server runnning on port 5001"}
{"level":"error","message":"error"}
{"level":"warn","message":"warn"}
{"level":"info","message":"info"}
{"level":"info","message":"Server runnning on port 5001"}
{"level":"error","message":"error"}
{"level":"warn","message":"warn"}
{"level":"info","message":"info"}
{"level":"info","message":"Server runnning on port 5001"}
{"level":"error","message":"error"}
{"level":"warn","message":"warn"}
{"level":"info","message":"info"}
{"level":"info","message":"Server runnning on port 5001"}
{"level":"error","message":"error"}
{"level":"warn","message":"warn"}
{"level":"info","message":"info"}
{"level":"info","message":"Server runnning on port 5001"}
{"level":"error","message":"error"}
{"level":"warn","message":"warn"}
{"level":"info","message":"info"}
{"level":"info","message":"Server runnning on port 5001"}
{"level":"error","message":"error"}
{"level":"warn","message":"warn"}
{"level":"info","message":"info"}
{"level":"info","message":"Server runnning on port 5001"}
{"level":"error","message":"error"}
{"level":"warn","message":"warn"}
{"level":"info","message":"info"}
{"level":"info","message":"Server runnning on port 5001"}
{"level":"error","message":"error"}
{"level":"warn","message":"warn"}
{"level":"info","message":"info"}
{"level":"info","message":"Server runnning on port 5001"}
{"level":"error","message":"error"}
{"level":"warn","message":"warn"}
{"level":"info","message":"info"}
{"level":"info","message":"Server runnning on port 5001"}
{"level":"error","message":"error"}
{"level":"warn","message":"warn"}
{"level":"info","message":"info"}
{"level":"info","message":"Server runnning on port 5001"}
{"level":"error","message":"error"}
{"level":"warn","message":"warn"}
{"level":"info","message":"info"}
{"level":"info","message":"Server runnning on port 5001"}
{"level":"error","message":"error"}
{"level":"warn","message":"warn"}
{"level":"info","message":"info"}
{"level":"info","message":"Server runnning on port 5001"}
{"level":"error","message":"error"}
{"level":"warn","message":"warn"}
{"level":"info","message":"info"}
{"level":"info","message":"Server runnning on port 5001"}
{"level":"error","message":"error"}
{"level":"warn","message":"warn"}
{"level":"info","message":"info"}
{"level":"info","message":"Server runnning on port 5001"}
{"level":"error","message":"error"}
{"level":"warn","message":"warn"}
{"level":"info","message":"info"}
{"level":"info","message":"Server runnning on port 5001"}
{"level":"error","message":"error"}
{"level":"warn","message":"warn"}
{"level":"info","message":"info"}
{"level":"info","message":"Server runnning on port 5001"}
{"level":"error","message":"error"}
{"level":"warn","message":"warn"}
{"level":"info","message":"info"}
{"level":"info","message":"Server runnning on port 5001"}
{"level":"error","message":"error"}
{"level":"warn","message":"warn"}
{"level":"info","message":"info"}
{"level":"info","message":"Server runnning on port 5001"}
{"level":"error","message":"error"}
{"level":"warn","message":"warn"}
{"level":"info","message":"info"}
{"level":"info","message":"Server runnning on port 5001"}
{"level":"error","message":"error"}
{"level":"warn","message":"warn"}
{"level":"info","message":"info"}
{"level":"info","message":"Server runnning on port 5001"}
{"level":"error","message":"error"}
{"level":"warn","message":"warn"}
{"level":"info","message":"info"}
{"level":"info","message":"Server runnning on port 5001"}
{"level":"error","message":"error"}
{"level":"warn","message":"warn"}
{"level":"info","message":"info"}
{"level":"info","message":"Server runnning on port 5001"}
{"level":"error","message":"error"}
{"level":"warn","message":"warn"}
{"level":"info","message":"info"}
{"level":"info","message":"Server runnning on port 5001"}
{"level":"error","message":"error"}
{"level":"warn","message":"warn"}
{"level":"info","message":"info"}
{"level":"info","message":"Server runnning on port 5001"}
{"level":"error","message":"error"}
{"level":"warn","message":"warn"}
{"level":"info","message":"info"}
{"level":"info","message":"Server runnning on port 5001"}
{"level":"error","message":"error"}
{"level":"warn","message":"warn"}
{"level":"info","message":"info"}
{"level":"info","message":"Server runnning on port 5001"}
{"level":"error","message":"error"}
{"level":"warn","message":"warn"}
{"level":"info","message":"info"}
{"level":"info","message":"Server runnning on port 5001"}
{"level":"error","message":"error"}
{"level":"warn","message":"warn"}
{"level":"info","message":"info"}
{"level":"info","message":"Server runnning on port 5001"}
{"level":"error","message":"error"}
{"level":"warn","message":"warn"}
{"level":"info","message":"info"}
{"level":"info","message":"Server runnning on port 5001"}
{"level":"error","message":"error"}
{"level":"warn","message":"warn"}
{"level":"info","message":"info"}
{"level":"info","message":"Server runnning on port 5001"}
{"level":"error","message":"error"}
{"level":"warn","message":"warn"}
{"level":"info","message":"info"}
{"level":"info","message":"Server runnning on port 5001"}
{"level":"error","message":"error"}
{"level":"warn","message":"warn"}
{"level":"info","message":"info"}
{"level":"info","message":"Server runnning on port 5001"}
{"level":"error","message":"error"}
{"level":"warn","message":"warn"}
{"level":"info","message":"info"}
{"level":"info","message":"Server runnning on port 5001"}
{"level":"error","message":"error"}
{"level":"warn","message":"warn"}
{"level":"info","message":"info"}
{"level":"info","message":"Server runnning on port 5001"}
{"level":"error","message":"error"}
{"level":"warn","message":"warn"}
{"level":"info","message":"info"}
{"level":"info","message":"Server runnning on port 5001"}
{"level":"error","message":"error"}
{"level":"warn","message":"warn"}
{"level":"info","message":"info"}
{"level":"info","message":"Server runnning on port 5001"}
{"level":"error","message":"error"}
{"level":"warn","message":"warn"}
{"level":"info","message":"info"}
{"level":"info","message":"Server runnning on port 5001"}
{"level":"error","message":"error"}
{"level":"warn","message":"warn"}
{"level":"info","message":"info"}
{"level":"info","message":"Server runnning on port 5001"}
{"level":"error","message":"error"}
{"level":"warn","message":"warn"}
{"level":"info","message":"info"}
{"level":"info","message":"Server runnning on port 5001"}
{"level":"error","message":"error"}
{"level":"warn","message":"warn"}
{"level":"info","message":"info"}
{"level":"info","message":"Server runnning on port 5001"}
{"level":"error","message":"error"}
{"level":"warn","message":"warn"}
{"level":"info","message":"info"}
{"level":"info","message":"Server runnning on port 5001"}
{"level":"error","message":"error"}
{"level":"warn","message":"warn"}
{"level":"info","message":"info"}
{"level":"info","message":"Server runnning on port 5001"}
{"level":"error","message":"error"}
{"level":"warn","message":"warn"}
{"level":"info","message":"info"}
{"level":"info","message":"Server runnning on port 5001"}
{"level":"error","message":"error"}
{"level":"warn","message":"warn"}
{"level":"info","message":"info"}
{"level":"info","message":"Server runnning on port 5001"}
{"level":"error","message":"error"}
{"level":"warn","message":"warn"}
{"level":"info","message":"info"}
{"level":"info","message":"Server runnning on port 5001"}
{"level":"error","message":"error"}
{"level":"warn","message":"warn"}
{"level":"info","message":"info"}
{"level":"info","message":"Server runnning on port 5001"}
{"level":"error","message":"error"}
{"level":"warn","message":"warn"}
{"level":"info","message":"info"}
{"level":"info","message":"Server runnning on port 5001"}
{"level":"error","message":"error"}
{"level":"warn","message":"warn"}
{"level":"info","message":"info"}
{"level":"info","message":"Server runnning on port 5001"}
{"level":"error","message":"error"}
{"level":"warn","message":"warn"}
{"level":"info","message":"info"}
{"level":"info","message":"Server runnning on port 5001"}
{"level":"error","message":"error"}
{"level":"warn","message":"warn"}
{"level":"info","message":"info"}
{"level":"info","message":"Server runnning on port 5001"}
{"level":"error","message":"error"}
{"level":"warn","message":"warn"}
{"level":"info","message":"info"}
{"level":"info","message":"Server runnning on port 5001"}
{"level":"error","message":"error"}
{"level":"warn","message":"warn"}
{"level":"info","message":"info"}
{"level":"info","message":"Server runnning on port 5001"}
{"level":"error","message":"error"}
{"level":"warn","message":"warn"}
{"level":"info","message":"info"}
{"level":"info","message":"Server runnning on port 5001"}
{"level":"error","message":"error"}
{"level":"warn","message":"warn"}
{"level":"info","message":"info"}
{"level":"info","message":"Server runnning on port 5001"}
{"level":"error","message":"error"}
{"level":"warn","message":"warn"}
{"level":"info","message":"info"}
{"level":"info","message":"Server runnning on port 5001"}
{"level":"error","message":"error"}
{"level":"warn","message":"warn"}
{"level":"info","message":"info"}
{"level":"info","message":"Server runnning on port 5001"}
{"level":"error","message":"error"}
{"level":"warn","message":"warn"}
{"level":"info","message":"info"}
{"level":"info","message":"Server runnning on port 5001"}
{"level":"error","message":"error"}
{"level":"warn","message":"warn"}
{"level":"info","message":"info"}
{"level":"info","message":"Server runnning on port 5001"}
{"level":"error","message":"error"}
{"level":"warn","message":"warn"}
{"level":"info","message":"info"}
{"level":"info","message":"Server runnning on port 5001"}
{"level":"error","message":"error"}
{"level":"warn","message":"warn"}
{"level":"info","message":"info"}
{"level":"info","message":"Server runnning on port 5001"}
{"level":"error","message":"error"}
{"level":"warn","message":"warn"}
{"level":"info","message":"info"}
{"level":"info","message":"Server runnning on port 5001"}
{"level":"error","message":"error"}
{"level":"warn","message":"warn"}
{"level":"info","message":"info"}
{"level":"info","message":"Server runnning on port 5001"}
{"level":"error","message":"error"}
{"level":"warn","message":"warn"}
{"level":"info","message":"info"}
{"level":"info","message":"Server runnning on port 5001"}
{"level":"error","message":"error"}
{"level":"warn","message":"warn"}
{"level":"info","message":"info"}
{"level":"info","message":"Server runnning on port 5001"}
{"level":"error","message":"error"}
{"level":"warn","message":"warn"}
{"level":"info","message":"info"}
{"level":"info","message":"Server runnning on port 5001"}
{"level":"error","message":"error"}
{"level":"warn","message":"warn"}
{"level":"info","message":"info"}
{"level":"info","message":"Server runnning on port 5001"}
{"level":"error","message":"error"}
{"level":"warn","message":"warn"}
{"level":"info","message":"info"}
{"level":"info","message":"Server runnning on port 5001"}
{"level":"error","message":"error"}
{"level":"warn","message":"warn"}
{"level":"info","message":"info"}
{"level":"info","message":"Server runnning on port 5001"}
{"level":"error","message":"error"}
{"level":"warn","message":"warn"}
{"level":"info","message":"info"}
{"level":"info","message":"Server runnning on port 5001"}
{"level":"error","message":"error"}
{"level":"warn","message":"warn"}
{"level":"info","message":"info"}
{"level":"info","message":"Server runnning on port 5001"}
{"level":"error","message":"error"}
{"level":"warn","message":"warn"}
{"level":"info","message":"info"}
{"level":"info","message":"Server runnning on port 5001"}
{"level":"error","message":"error"}
{"level":"warn","message":"warn"}
{"level":"info","message":"info"}
{"level":"info","message":"Server runnning on port 5001"}
{"level":"error","message":"error"}
{"level":"warn","message":"warn"}
{"level":"info","message":"info"}
{"level":"info","message":"Server runnning on port 5001"}
{"level":"error","message":"error"}
{"level":"warn","message":"warn"}
{"level":"info","message":"info"}
{"level":"info","message":"Server runnning on port 5001"}
{"level":"error","message":"error"}
{"level":"warn","message":"warn"}
{"level":"info","message":"info"}
{"level":"info","message":"Server runnning on port 5001"}
{"level":"error","message":"error"}
{"level":"warn","message":"warn"}
{"level":"info","message":"info"}
{"level":"info","message":"Server runnning on port 5001"}
{"level":"error","message":"error"}
{"level":"warn","message":"warn"}
{"level":"info","message":"info"}
{"level":"info","message":"Server runnning on port 5001"}
{"level":"error","message":"error"}
{"level":"warn","message":"warn"}
{"level":"info","message":"info"}
{"level":"info","message":"Server runnning on port 5001"}
{"level":"error","message":"error"}
{"level":"warn","message":"warn"}
{"level":"info","message":"info"}
{"level":"info","message":"Server runnning on port 5001"}
{"level":"error","message":"error"}
{"level":"warn","message":"warn"}
{"level":"info","message":"info"}
{"level":"info","message":"Server runnning on port 5001"}
{"level":"error","message":"error"}
{"level":"warn","message":"warn"}
{"level":"info","message":"info"}
{"level":"info","message":"Server runnning on port 5001"}
{"level":"error","message":"error"}
{"level":"warn","message":"warn"}
{"level":"info","message":"info"}
{"level":"info","message":"Server runnning on port 5001"}
{"level":"error","message":"error"}
{"level":"warn","message":"warn"}
{"level":"info","message":"info"}
{"level":"info","message":"Server runnning on port 5001"}
{"level":"error","message":"error"}
{"level":"warn","message":"warn"}
{"level":"info","message":"info"}
{"level":"info","message":"Server runnning on port 5001"}
{"level":"error","message":"error"}
{"level":"warn","message":"warn"}
{"level":"info","message":"info"}
{"level":"info","message":"Server runnning on port 5001"}
{"level":"error","message":"error"}
{"level":"warn","message":"warn"}
{"level":"info","message":"info"}
{"level":"info","message":"Server runnning on port 5001"}
{"level":"error","message":"error"}
{"level":"warn","message":"warn"}
{"level":"info","message":"info"}
{"level":"info","message":"Server runnning on port 5001"}
{"level":"error","message":"error"}
{"level":"warn","message":"warn"}
{"level":"info","message":"info"}
{"level":"info","message":"Server runnning on port 5001"}
{"level":"error","message":"error"}
{"level":"warn","message":"warn"}
{"level":"info","message":"info"}
{"level":"info","message":"Server runnning on port 5001"}
{"level":"error","message":"error"}
{"level":"warn","message":"warn"}
{"level":"info","message":"info"}
{"level":"info","message":"Server runnning on port 5001"}
{"level":"error","message":"error"}
{"level":"warn","message":"warn"}
{"level":"info","message":"info"}
{"level":"info","message":"Server runnning on port 5001"}
{"level":"error","message":"error"}
{"level":"warn","message":"warn"}
{"level":"info","message":"info"}
{"level":"info","message":"Server runnning on port 5001"}
{"level":"error","message":"error"}
{"level":"warn","message":"warn"}
{"level":"info","message":"info"}
{"level":"info","message":"Server runnning on port 5001"}
{"level":"error","message":"error"}
{"level":"warn","message":"warn"}
{"level":"info","message":"info"}
{"level":"info","message":"Server runnning on port 5001"}
{"level":"error","message":"error"}
{"level":"warn","message":"warn"}
{"level":"info","message":"info"}
{"level":"info","message":"Server runnning on port 5001"}
{"level":"error","message":"error"}
{"level":"warn","message":"warn"}
{"level":"info","message":"info"}
{"level":"info","message":"Server runnning on port 5001"}
{"level":"error","message":"error"}
{"level":"warn","message":"warn"}
{"level":"info","message":"info"}
{"level":"info","message":"Server runnning on port 5001"}
{"level":"error","message":"error"}
{"level":"warn","message":"warn"}
{"level":"info","message":"info"}
{"level":"info","message":"Server runnning on port 5001"}
{"level":"error","message":"error"}
{"level":"warn","message":"warn"}
{"level":"info","message":"info"}
{"level":"info","message":"Server runnning on port 5001"}
{"level":"error","message":"error"}
{"level":"warn","message":"warn"}
{"level":"info","message":"info"}
{"level":"info","message":"Server runnning on port 5001"}
{"level":"error","message":"error"}
{"level":"warn","message":"warn"}
{"level":"info","message":"info"}
{"level":"info","message":"Server runnning on port 5001"}
{"level":"error","message":"User with mark@gmail.com already registered"}
{"level":"info","message":"Password hashed successfully for user with email mark123@gmail.com"}
{"level":"info","message":"User created successfully: {\n  username: 'Mark Henry',\n  email: 'mark123@gmail.com',\n  password: '$2b$10$r2kp5Yd6ovqt8KmtLTS4GOeuOBPFpz4hBSrJzjjJXEsZ/U5wsCmVW',\n  _id: new ObjectId(\"64107ab26d6735c87b92d6e5\"),\n  createdAt: 2023-03-14T13:46:26.132Z,\n  updatedAt: 2023-03-14T13:46:26.132Z,\n  __v: 0\n}"}
{"level":"error","message":"error"}
{"level":"warn","message":"warn"}
{"level":"info","message":"info"}
{"level":"info","message":"Server runnning on port 5001"}
{"level":"error","message":"error"}
{"level":"warn","message":"warn"}
{"level":"info","message":"info"}
{"level":"info","message":"Server runnning on port 5001"}
{"level":"info","message":"ACCESS TOKEN successfully generated"}
{"level":"info","message":"New contact created with id $(contact._id)"}
{"level":"error","message":"error"}
{"level":"warn","message":"warn"}
{"level":"info","message":"info"}
{"level":"info","message":"Server runnning on port 5001"}
{"level":"error","message":"error"}
{"level":"warn","message":"warn"}
{"level":"info","message":"info"}
{"level":"info","message":"Server runnning on port 5001"}
{"level":"info","message":"New contact created with id: $(contact._id)"}
{"level":"info","message":"New contact created with id: $(contact._id)"}
{"level":"error","message":"error"}
{"level":"warn","message":"warn"}
{"level":"info","message":"info"}
{"level":"info","message":"Server runnning on port 5001"}
{"level":"info","message":"New contact created with id: $(contact.id)"}
{"level":"error","message":"error"}
{"level":"warn","message":"warn"}
{"level":"info","message":"info"}
{"level":"info","message":"Server runnning on port 5001"}
{"level":"info","message":"Contact with id 64107be763f795667d756e62 has been deleted"}
{"level":"error","message":"Contact not found"}
